nohup: ignoring input
Starting live odds polling every 30 seconds...
[2025-04-29 01:33:06] Retrieved 1 odds updates
{
  "err": "Unauthorized access, please contact our business staff."
}
[2025-04-29 01:33:37] Retrieved 1 odds updates
{
  "err": "Unauthorized access, please contact our business staff."
}
[2025-04-29 01:34:07] Retrieved 1 odds updates
{
  "err": "Unauthorized access, please contact our business staff."
}
[2025-04-29 01:34:37] Retrieved 1 odds updates
{
  "err": "Unauthorized access, please contact our business staff."
}
[2025-04-29 01:35:07] Retrieved 1 odds updates
{
  "err": "Unauthorized access, please contact our business staff."
}
[2025-04-29 01:35:38] Retrieved 1 odds updates
{
  "err": "Unauthorized access, please contact our business staff."
}
[2025-04-29 01:36:08] Retrieved 1 odds updates
{
  "err": "Unauthorized access, please contact our business staff."
}
[2025-04-29 01:36:38] Retrieved 1 odds updates
{
  "err": "Unauthorized access, please contact our business staff."
}
[2025-04-29 01:37:08] Retrieved 1 odds updates
{
  "err": "Unauthorized access, please contact our business staff."
}
[2025-04-29 01:37:39] Retrieved 1 odds updates
{
  "err": "Unauthorized access, please contact our business staff."
}
[2025-04-29 01:38:09] Retrieved 1 odds updates
{
  "err": "Unauthorized access, please contact our business staff."
}
[2025-04-29 01:38:39] Retrieved 1 odds updates
{
  "err": "Unauthorized access, please contact our business staff."
}
[2025-04-29 01:39:09] Retrieved 1 odds updates
{
  "err": "Unauthorized access, please contact our business staff."
}
[2025-04-29 01:39:40] Retrieved 1 odds updates
{
  "err": "Unauthorized access, please contact our business staff."
}
[2025-04-29 01:40:10] Retrieved 1 odds updates
{
  "err": "Unauthorized access, please contact our business staff."
}
[2025-04-29 01:40:40] Retrieved 1 odds updates
{
  "err": "Unauthorized access, please contact our business staff."
}
[2025-04-29 01:41:10] Retrieved 1 odds updates
{
  "err": "Unauthorized access, please contact our business staff."
}
[2025-04-29 01:41:41] Retrieved 1 odds updates
{
  "err": "Unauthorized access, please contact our business staff."
}
[2025-04-29 01:42:11] Retrieved 1 odds updates
{
  "err": "Unauthorized access, please contact our business staff."
}
[2025-04-29 01:42:41] Retrieved 1 odds updates
{
  "err": "Unauthorized access, please contact our business staff."
}
[2025-04-29 01:43:11] Retrieved 1 odds updates
{
  "err": "Unauthorized access, please contact our business staff."
}
[2025-04-29 01:43:42] Retrieved 1 odds updates
{
  "err": "Unauthorized access, please contact our business staff."
}
[2025-04-29 01:44:12] Retrieved 1 odds updates
{
  "err": "Unauthorized access, please contact our business staff."
}
[2025-04-29 01:44:42] Retrieved 1 odds updates
{
  "err": "Unauthorized access, please contact our business staff."
}
[2025-04-29 01:45:13] Retrieved 1 odds updates
{
  "err": "Unauthorized access, please contact our business staff."
}
[2025-04-29 01:45:43] Retrieved 1 odds updates
{
  "err": "Unauthorized access, please contact our business staff."
}
[2025-04-29 01:46:13] Retrieved 1 odds updates
{
  "err": "Unauthorized access, please contact our business staff."
}
[2025-04-29 01:46:43] Retrieved 1 odds updates
{
  "err": "Unauthorized access, please contact our business staff."
}
[2025-04-29 01:47:14] Retrieved 1 odds updates
{
  "err": "Unauthorized access, please contact our business staff."
}
[2025-04-29 01:47:44] Retrieved 1 odds updates
{
  "err": "Unauthorized access, please contact our business staff."
}
[2025-04-29 01:48:14] Retrieved 1 odds updates
{
  "err": "Unauthorized access, please contact our business staff."
}
[2025-04-29 01:48:44] Retrieved 1 odds updates
{
  "err": "Unauthorized access, please contact our business staff."
}
[2025-04-29 01:49:15] Retrieved 1 odds updates
{
  "err": "Unauthorized access, please contact our business staff."
}
[2025-04-29 01:49:45] Retrieved 1 odds updates
{
  "err": "Unauthorized access, please contact our business staff."
}
[2025-04-29 01:50:15] Retrieved 1 odds updates
{
  "err": "Unauthorized access, please contact our business staff."
}
[2025-04-29 01:50:45] Retrieved 1 odds updates
{
  "err": "Unauthorized access, please contact our business staff."
}
[2025-04-29 01:51:16] Retrieved 1 odds updates
{
  "err": "Unauthorized access, please contact our business staff."
}
[2025-04-29 01:51:46] Retrieved 1 odds updates
{
  "err": "Unauthorized access, please contact our business staff."
}
[2025-04-29 01:52:16] Retrieved 1 odds updates
{
  "err": "Unauthorized access, please contact our business staff."
}
[2025-04-29 01:52:46] Retrieved 1 odds updates
{
  "err": "Unauthorized access, please contact our business staff."
}
[2025-04-29 01:53:17] Retrieved 1 odds updates
{
  "err": "Unauthorized access, please contact our business staff."
}
[2025-04-29 01:53:47] Retrieved 1 odds updates
{
  "err": "Unauthorized access, please contact our business staff."
}
[2025-04-29 01:54:17] Retrieved 1 odds updates
{
  "err": "Unauthorized access, please contact our business staff."
}
[2025-04-29 01:54:47] Retrieved 1 odds updates
{
  "err": "Unauthorized access, please contact our business staff."
}
[2025-04-29 01:55:18] Retrieved 1 odds updates
{
  "err": "Unauthorized access, please contact our business staff."
}
[2025-04-29 01:55:48] Retrieved 1 odds updates
{
  "err": "Unauthorized access, please contact our business staff."
}
[2025-04-29 01:56:18] Retrieved 1 odds updates
{
  "err": "Unauthorized access, please contact our business staff."
}
[2025-04-29 01:56:48] Retrieved 1 odds updates
{
  "err": "Unauthorized access, please contact our business staff."
}
[2025-04-29 01:57:19] Retrieved 1 odds updates
{
  "err": "Unauthorized access, please contact our business staff."
}
[2025-04-29 01:57:49] Retrieved 1 odds updates
{
  "err": "Unauthorized access, please contact our business staff."
}
[2025-04-29 01:58:19] Retrieved 1 odds updates
{
  "err": "Unauthorized access, please contact our business staff."
}
[2025-04-29 01:58:49] Retrieved 1 odds updates
{
  "err": "Unauthorized access, please contact our business staff."
}
[2025-04-29 01:59:20] Retrieved 1 odds updates
{
  "err": "Unauthorized access, please contact our business staff."
}
[2025-04-29 01:59:50] Retrieved 1 odds updates
{
  "err": "Unauthorized access, please contact our business staff."
}
[2025-04-29 02:00:20] Retrieved 1 odds updates
{
  "err": "Unauthorized access, please contact our business staff."
}
[2025-04-29 02:00:50] Retrieved 1 odds updates
{
  "err": "Unauthorized access, please contact our business staff."
}
[2025-04-29 02:01:21] Retrieved 1 odds updates
{
  "err": "Unauthorized access, please contact our business staff."
}
[2025-04-29 02:01:51] Retrieved 1 odds updates
{
  "err": "Unauthorized access, please contact our business staff."
}
[2025-04-29 02:02:21] Retrieved 1 odds updates
{
  "err": "Unauthorized access, please contact our business staff."
}
[2025-04-29 02:02:51] Retrieved 1 odds updates
{
  "err": "Unauthorized access, please contact our business staff."
}
[2025-04-29 02:03:22] Retrieved 1 odds updates
{
  "err": "Unauthorized access, please contact our business staff."
}
[2025-04-29 02:03:52] Retrieved 1 odds updates
{
  "err": "Unauthorized access, please contact our business staff."
}
[2025-04-29 02:04:22] Retrieved 1 odds updates
{
  "err": "Unauthorized access, please contact our business staff."
}
[2025-04-29 02:04:52] Retrieved 1 odds updates
{
  "err": "Unauthorized access, please contact our business staff."
}
[2025-04-29 02:05:23] Retrieved 1 odds updates
{
  "err": "Unauthorized access, please contact our business staff."
}
[2025-04-29 02:05:53] Retrieved 1 odds updates
{
  "err": "Unauthorized access, please contact our business staff."
}
[2025-04-29 02:06:23] Retrieved 1 odds updates
{
  "err": "Unauthorized access, please contact our business staff."
}
[2025-04-29 02:06:53] Retrieved 1 odds updates
{
  "err": "Unauthorized access, please contact our business staff."
}
[2025-04-29 02:07:24] Retrieved 1 odds updates
{
  "err": "Unauthorized access, please contact our business staff."
}
